This is pdfTeX, Version 3.1415926-2.5-1.40.14 (MiKTeX 2.9 64-bit) (preloaded format=pdftex 2014.4.26)  26 APR 2014 01:04
entering extended mode
**C:/Users/s/Dropbox/18510/report/sources.bib
(C:/Users/s/Dropbox/18510/report/sources.bib
! Missing $ inserted.
<inserted text> 
                $
<to be read again> 
                   _
l.48 ... "http://www.aes.org/sections/chicago/AES_
                                                  LA_6_21_00.PDF"
? 
! Emergency stop.
<inserted text> 
                $
<to be read again> 
                   _
l.48 ... "http://www.aes.org/sections/chicago/AES_
                                                  LA_6_21_00.PDF"
End of file on the terminal!

!  ==> Fatal error occurred, no output PDF file produced!
